<?xml version="1.0" encoding="UTF-8"?>
<!-- Generated by org.testng.reporters.JUnitXMLReporter -->
<testsuite hostname="Aishwarya-PC" ignored="0" name="Default test" tests="3" failures="0" timestamp="13 Dec 2019 08:21:51 GMT" time="0.53" errors="0">
  <testcase name="@BeforeSuite openBrowser" time="0.0" classname="com.model.MercuryDemo">
    <failure type="org.openqa.selenium.SessionNotCreatedException" message="session not created: This version of ChromeDriver only supports Chrome version 77
Build info: version: &amp;apos;3.141.59&amp;apos;, revision: &amp;apos;e82be7d358&amp;apos;, time: &amp;apos;2018-11-14T08:25:53&amp;apos;
System info: host: &amp;apos;AISHWARYA-PC&amp;apos;, ip: &amp;apos;192.168.1.107&amp;apos;, os.name: &amp;apos;Windows 7&amp;apos;, os.arch: &amp;apos;amd64&amp;apos;, os.version: &amp;apos;6.1&amp;apos;, java.version: &amp;apos;1.8.0_221&amp;apos;
Driver info: driver.version: ChromeDriver
remote stacktrace: Backtrace:
	Ordinal0 [0x002CEB13+1501971]
	Ordinal0 [0x0024F6D1+980689]
	Ordinal0 [0x001D765F+489055]
	Ordinal0 [0x0016F2F4+62196]
	Ordinal0 [0x0016BCDA+48346]
	Ordinal0 [0x00189800+169984]
	Ordinal0 [0x0018942D+169005]
	Ordinal0 [0x001878EB+162027]
	Ordinal0 [0x00170AC7+68295]
	Ordinal0 [0x00171B40+72512]
	Ordinal0 [0x00171AD9+72409]
	Ordinal0 [0x00268F37+1085239]
	GetHandleVerifier [0x0036D7ED+503293]
	GetHandleVerifier [0x0036D580+502672]
	GetHandleVerifier [0x003746AC+531644]
	GetHandleVerifier [0x0036DFFA+505354]
	Ordinal0 [0x00260606+1050118]
	Ordinal0 [0x0026047F+1049727]
	Ordinal0 [0x0026AF9B+1093531]
	Ordinal0 [0x0026B103+1093891]
	Ordinal0 [0x0026A095+1089685]
	BaseThreadInitThunk [0x763333CA+18]
	RtlInitializeExceptionChain [0x77479ED2+99]
	RtlInitializeExceptionChain [0x77479EA5+54]
">
      <![CDATA[org.openqa.selenium.SessionNotCreatedException: session not created: This version of ChromeDriver only supports Chrome version 77
Build info: version: '3.141.59', revision: 'e82be7d358', time: '2018-11-14T08:25:53'
System info: host: 'AISHWARYA-PC', ip: '192.168.1.107', os.name: 'Windows 7', os.arch: 'amd64', os.version: '6.1', java.version: '1.8.0_221'
Driver info: driver.version: ChromeDriver
remote stacktrace: Backtrace:
	Ordinal0 [0x002CEB13+1501971]
	Ordinal0 [0x0024F6D1+980689]
	Ordinal0 [0x001D765F+489055]
	Ordinal0 [0x0016F2F4+62196]
	Ordinal0 [0x0016BCDA+48346]
	Ordinal0 [0x00189800+169984]
	Ordinal0 [0x0018942D+169005]
	Ordinal0 [0x001878EB+162027]
	Ordinal0 [0x00170AC7+68295]
	Ordinal0 [0x00171B40+72512]
	Ordinal0 [0x00171AD9+72409]
	Ordinal0 [0x00268F37+1085239]
	GetHandleVerifier [0x0036D7ED+503293]
	GetHandleVerifier [0x0036D580+502672]
	GetHandleVerifier [0x003746AC+531644]
	GetHandleVerifier [0x0036DFFA+505354]
	Ordinal0 [0x00260606+1050118]
	Ordinal0 [0x0026047F+1049727]
	Ordinal0 [0x0026AF9B+1093531]
	Ordinal0 [0x0026B103+1093891]
	Ordinal0 [0x0026A095+1089685]
	BaseThreadInitThunk [0x763333CA+18]
	RtlInitializeExceptionChain [0x77479ED2+99]
	RtlInitializeExceptionChain [0x77479EA5+54]

	at sun.reflect.NativeConstructorAccessorImpl.newInstance0(Native Method)
	at sun.reflect.NativeConstructorAccessorImpl.newInstance(Unknown Source)
	at sun.reflect.DelegatingConstructorAccessorImpl.newInstance(Unknown Source)
	at java.lang.reflect.Constructor.newInstance(Unknown Source)
	at org.openqa.selenium.remote.W3CHandshakeResponse.lambda$errorHandler$0(W3CHandshakeResponse.java:62)
	at org.openqa.selenium.remote.HandshakeResponse.lambda$getResponseFunction$0(HandshakeResponse.java:30)
	at org.openqa.selenium.remote.ProtocolHandshake.lambda$createSession$0(ProtocolHandshake.java:126)
	at java.util.stream.ReferencePipeline$3$1.accept(Unknown Source)
	at java.util.Spliterators$ArraySpliterator.tryAdvance(Unknown Source)
	at java.util.stream.ReferencePipeline.forEachWithCancel(Unknown Source)
	at java.util.stream.AbstractPipeline.copyIntoWithCancel(Unknown Source)
	at java.util.stream.AbstractPipeline.copyInto(Unknown Source)
	at java.util.stream.AbstractPipeline.wrapAndCopyInto(Unknown Source)
	at java.util.stream.FindOps$FindOp.evaluateSequential(Unknown Source)
	at java.util.stream.AbstractPipeline.evaluate(Unknown Source)
	at java.util.stream.ReferencePipeline.findFirst(Unknown Source)
	at org.openqa.selenium.remote.ProtocolHandshake.createSession(ProtocolHandshake.java:128)
	at org.openqa.selenium.remote.ProtocolHandshake.createSession(ProtocolHandshake.java:74)
	at org.openqa.selenium.remote.HttpCommandExecutor.execute(HttpCommandExecutor.java:136)
	at org.openqa.selenium.remote.service.DriverCommandExecutor.execute(DriverCommandExecutor.java:83)
	at org.openqa.selenium.remote.RemoteWebDriver.execute(RemoteWebDriver.java:552)
	at org.openqa.selenium.remote.RemoteWebDriver.startSession(RemoteWebDriver.java:213)
	at org.openqa.selenium.remote.RemoteWebDriver.<init>(RemoteWebDriver.java:131)
	at org.openqa.selenium.chrome.ChromeDriver.<init>(ChromeDriver.java:181)
	at org.openqa.selenium.chrome.ChromeDriver.<init>(ChromeDriver.java:168)
	at org.openqa.selenium.chrome.ChromeDriver.<init>(ChromeDriver.java:123)
	at com.model.MercuryDemo.openBrowser(MercuryDemo.java:128)
	at sun.reflect.NativeMethodAccessorImpl.invoke0(Native Method)
	at sun.reflect.NativeMethodAccessorImpl.invoke(Unknown Source)
	at sun.reflect.DelegatingMethodAccessorImpl.invoke(Unknown Source)
	at java.lang.reflect.Method.invoke(Unknown Source)
	at org.testng.internal.MethodInvocationHelper.invokeMethod(MethodInvocationHelper.java:104)
	at org.testng.internal.Invoker.invokeConfigurationMethod(Invoker.java:515)
	at org.testng.internal.Invoker.invokeConfigurations(Invoker.java:217)
	at org.testng.internal.Invoker.invokeConfigurations(Invoker.java:144)
	at org.testng.SuiteRunner.privateRun(SuiteRunner.java:326)
	at org.testng.SuiteRunner.run(SuiteRunner.java:289)
	at org.testng.SuiteRunnerWorker.runSuite(SuiteRunnerWorker.java:52)
	at org.testng.SuiteRunnerWorker.run(SuiteRunnerWorker.java:86)
	at org.testng.TestNG.runSuitesSequentially(TestNG.java:1293)
	at org.testng.TestNG.runSuitesLocally(TestNG.java:1218)
	at org.testng.TestNG.runSuites(TestNG.java:1133)
	at org.testng.TestNG.run(TestNG.java:1104)
	at org.testng.remote.AbstractRemoteTestNG.run(AbstractRemoteTestNG.java:132)
	at org.testng.remote.RemoteTestNG.initAndRun(RemoteTestNG.java:236)
	at org.testng.remote.RemoteTestNG.main(RemoteTestNG.java:81)
]]>
    </failure>
  </testcase> <!-- @BeforeSuite openBrowser -->
  <testcase name="@BeforeTest enterApplicationURL" time="0.0" classname="com.model.MercuryDemo">
    <skipped/>
  </testcase> <!-- @BeforeTest enterApplicationURL -->
  <testcase name="@BeforeClass maximizeBrowser" time="0.0" classname="com.model.MercuryDemo">
    <skipped/>
  </testcase> <!-- @BeforeClass maximizeBrowser -->
  <testcase name="@BeforeMethod getAllCookies" time="0.0" classname="com.model.MercuryDemo">
    <skipped/>
  </testcase> <!-- @BeforeMethod getAllCookies -->
  <testcase name="@AfterMethod captureScreenshot" time="0.0" classname="com.model.MercuryDemo">
    <skipped/>
  </testcase> <!-- @AfterMethod captureScreenshot -->
  <testcase name="@BeforeMethod getAllCookies" time="0.0" classname="com.model.MercuryDemo">
    <skipped/>
  </testcase> <!-- @BeforeMethod getAllCookies -->
  <testcase name="@AfterMethod captureScreenshot" time="0.0" classname="com.model.MercuryDemo">
    <skipped/>
  </testcase> <!-- @AfterMethod captureScreenshot -->
  <testcase name="@BeforeMethod getAllCookies" time="0.0" classname="com.model.MercuryDemo">
    <skipped/>
  </testcase> <!-- @BeforeMethod getAllCookies -->
  <testcase name="@AfterMethod captureScreenshot" time="0.0" classname="com.model.MercuryDemo">
    <skipped/>
  </testcase> <!-- @AfterMethod captureScreenshot -->
  <testcase name="@AfterClass deleteAllCookies" time="0.0" classname="com.model.MercuryDemo">
    <skipped/>
  </testcase> <!-- @AfterClass deleteAllCookies -->
  <testcase name="@AfterTest dbConnectionClosed" time="0.0" classname="com.model.MercuryDemo">
    <skipped/>
  </testcase> <!-- @AfterTest dbConnectionClosed -->
  <testcase name="loginwithValids1" time="0.031" classname="com.model.MercuryDemo">
    <skipped/>
  </testcase> <!-- loginwithValids1 -->
  <testcase name="loginwithValids2" time="0.0" classname="com.model.MercuryDemo">
    <skipped/>
  </testcase> <!-- loginwithValids2 -->
  <testcase name="loginwithInValids" time="0.0" classname="com.model.MercuryDemo">
    <skipped/>
  </testcase> <!-- loginwithInValids -->
</testsuite> <!-- Default test -->

